<?xml version="1.0" encoding="UTF-8"?>
<testng-results skipped="0" failed="4" ignored="0" total="35" passed="31">
  <reporter-output>
  </reporter-output>
  <suite name="Default suite" duration-ms="618605" started-at="2020-02-11T17:42:56 IST" finished-at="2020-02-11T17:53:14 IST">
    <groups>
    </groups>
    <test name="Default test" duration-ms="618605" started-at="2020-02-11T17:42:56 IST" finished-at="2020-02-11T17:53:14 IST">
      <class name="com.agriville.qa.testcases.homePageAgrivilleTest">
        <test-method status="PASS" signature="SetUp()[pri:0, instance:com.agriville.qa.testcases.homePageAgrivilleTest@bbe345]" name="SetUp" is-config="true" duration-ms="22274" started-at="2020-02-11T17:42:56 IST" finished-at="2020-02-11T17:43:18 IST">
          <reporter-output>
          </reporter-output>
        </test-method> <!-- SetUp -->
        <test-method status="PASS" signature="agrivilleLogoisDisplayed()[pri:1, instance:com.agriville.qa.testcases.homePageAgrivilleTest@bbe345]" name="agrivilleLogoisDisplayed" duration-ms="992" started-at="2020-02-11T17:43:18 IST" finished-at="2020-02-11T17:43:19 IST">
          <reporter-output>
          </reporter-output>
        </test-method> <!-- agrivilleLogoisDisplayed -->
        <test-method status="PASS" signature="verifyNavigationToFarmsDotCom()[pri:2, instance:com.agriville.qa.testcases.homePageAgrivilleTest@bbe345]" name="verifyNavigationToFarmsDotCom" duration-ms="13204" started-at="2020-02-11T17:43:19 IST" finished-at="2020-02-11T17:43:32 IST">
          <reporter-output>
          </reporter-output>
        </test-method> <!-- verifyNavigationToFarmsDotCom -->
        <test-method status="PASS" signature="verifyNavigationToHomePageForums()[pri:3, instance:com.agriville.qa.testcases.homePageAgrivilleTest@bbe345]" name="verifyNavigationToHomePageForums" duration-ms="6491" started-at="2020-02-11T17:43:32 IST" finished-at="2020-02-11T17:43:39 IST">
          <reporter-output>
          </reporter-output>
        </test-method> <!-- verifyNavigationToHomePageForums -->
        <test-method status="PASS" signature="verifyNavigationToNews()[pri:4, instance:com.agriville.qa.testcases.homePageAgrivilleTest@bbe345]" name="verifyNavigationToNews" duration-ms="14448" started-at="2020-02-11T17:43:39 IST" finished-at="2020-02-11T17:43:53 IST">
          <reporter-output>
          </reporter-output>
        </test-method> <!-- verifyNavigationToNews -->
        <test-method status="PASS" signature="verifyNavigationToAgMarkets()[pri:5, instance:com.agriville.qa.testcases.homePageAgrivilleTest@bbe345]" name="verifyNavigationToAgMarkets" duration-ms="18050" started-at="2020-02-11T17:43:53 IST" finished-at="2020-02-11T17:44:11 IST">
          <reporter-output>
          </reporter-output>
        </test-method> <!-- verifyNavigationToAgMarkets -->
        <test-method status="PASS" signature="verifyNavigationToClassifieds()[pri:6, instance:com.agriville.qa.testcases.homePageAgrivilleTest@bbe345]" name="verifyNavigationToClassifieds" duration-ms="15891" started-at="2020-02-11T17:44:11 IST" finished-at="2020-02-11T17:44:27 IST">
          <reporter-output>
          </reporter-output>
        </test-method> <!-- verifyNavigationToClassifieds -->
        <test-method status="PASS" signature="verifyNavigationToNewsFromDropDown()[pri:7, instance:com.agriville.qa.testcases.homePageAgrivilleTest@bbe345]" name="verifyNavigationToNewsFromDropDown" duration-ms="12712" started-at="2020-02-11T17:44:27 IST" finished-at="2020-02-11T17:44:40 IST">
          <reporter-output>
          </reporter-output>
        </test-method> <!-- verifyNavigationToNewsFromDropDown -->
        <test-method status="PASS" signature="verifyNavigationToMarketsFromDropDown()[pri:8, instance:com.agriville.qa.testcases.homePageAgrivilleTest@bbe345]" name="verifyNavigationToMarketsFromDropDown" duration-ms="14355" started-at="2020-02-11T17:44:40 IST" finished-at="2020-02-11T17:44:54 IST">
          <reporter-output>
          </reporter-output>
        </test-method> <!-- verifyNavigationToMarketsFromDropDown -->
        <test-method status="PASS" signature="verifyNavigationToClassifiedsFromDropDown()[pri:9, instance:com.agriville.qa.testcases.homePageAgrivilleTest@bbe345]" name="verifyNavigationToClassifiedsFromDropDown" duration-ms="13120" started-at="2020-02-11T17:44:54 IST" finished-at="2020-02-11T17:45:07 IST">
          <reporter-output>
          </reporter-output>
        </test-method> <!-- verifyNavigationToClassifiedsFromDropDown -->
        <test-method status="PASS" signature="verifyNavigationToUFEFromDropDown()[pri:10, instance:com.agriville.qa.testcases.homePageAgrivilleTest@bbe345]" name="verifyNavigationToUFEFromDropDown" duration-ms="12777" started-at="2020-02-11T17:45:07 IST" finished-at="2020-02-11T17:45:20 IST">
          <reporter-output>
          </reporter-output>
        </test-method> <!-- verifyNavigationToUFEFromDropDown -->
        <test-method status="PASS" signature="verifyNavigationToAgSearchFromDropDown()[pri:11, instance:com.agriville.qa.testcases.homePageAgrivilleTest@bbe345]" name="verifyNavigationToAgSearchFromDropDown" duration-ms="20186" started-at="2020-02-11T17:45:20 IST" finished-at="2020-02-11T17:45:40 IST">
          <reporter-output>
          </reporter-output>
        </test-method> <!-- verifyNavigationToAgSearchFromDropDown -->
        <test-method status="PASS" signature="verifyNavigationToRiskMgmtFromDropDown()[pri:12, instance:com.agriville.qa.testcases.homePageAgrivilleTest@bbe345]" name="verifyNavigationToRiskMgmtFromDropDown" duration-ms="19017" started-at="2020-02-11T17:45:40 IST" finished-at="2020-02-11T17:45:59 IST">
          <reporter-output>
          </reporter-output>
        </test-method> <!-- verifyNavigationToRiskMgmtFromDropDown -->
        <test-method status="PASS" signature="verifyNavigationToAgrivilleCommunityFromDropDown()[pri:13, instance:com.agriville.qa.testcases.homePageAgrivilleTest@bbe345]" name="verifyNavigationToAgrivilleCommunityFromDropDown" duration-ms="25625" started-at="2020-02-11T17:45:59 IST" finished-at="2020-02-11T17:46:25 IST">
          <reporter-output>
          </reporter-output>
        </test-method> <!-- verifyNavigationToAgrivilleCommunityFromDropDown -->
        <test-method status="PASS" signature="verifyNavigationToRealEstateFromDropDown()[pri:14, instance:com.agriville.qa.testcases.homePageAgrivilleTest@bbe345]" name="verifyNavigationToRealEstateFromDropDown" duration-ms="17762" started-at="2020-02-11T17:46:25 IST" finished-at="2020-02-11T17:46:43 IST">
          <reporter-output>
          </reporter-output>
        </test-method> <!-- verifyNavigationToRealEstateFromDropDown -->
        <test-method status="PASS" signature="verifyNavigationToPigChampFromDropDown()[pri:15, instance:com.agriville.qa.testcases.homePageAgrivilleTest@bbe345]" name="verifyNavigationToPigChampFromDropDown" duration-ms="19462" started-at="2020-02-11T17:46:43 IST" finished-at="2020-02-11T17:47:02 IST">
          <reporter-output>
          </reporter-output>
        </test-method> <!-- verifyNavigationToPigChampFromDropDown -->
        <test-method status="PASS" signature="verifyNavigationToAgCareersFromDropDown()[pri:16, instance:com.agriville.qa.testcases.homePageAgrivilleTest@bbe345]" name="verifyNavigationToAgCareersFromDropDown" duration-ms="20889" started-at="2020-02-11T17:47:02 IST" finished-at="2020-02-11T17:47:23 IST">
          <reporter-output>
          </reporter-output>
        </test-method> <!-- verifyNavigationToAgCareersFromDropDown -->
        <test-method status="PASS" signature="verifyNavigationToFarmsAppsFromDropDown()[pri:17, instance:com.agriville.qa.testcases.homePageAgrivilleTest@bbe345]" name="verifyNavigationToFarmsAppsFromDropDown" duration-ms="13031" started-at="2020-02-11T17:47:23 IST" finished-at="2020-02-11T17:47:36 IST">
          <reporter-output>
          </reporter-output>
        </test-method> <!-- verifyNavigationToFarmsAppsFromDropDown -->
        <test-method status="PASS" signature="verifyLoginAndRegisterLinkisDisplayed()[pri:18, instance:com.agriville.qa.testcases.homePageAgrivilleTest@bbe345]" name="verifyLoginAndRegisterLinkisDisplayed" duration-ms="10903" started-at="2020-02-11T17:47:36 IST" finished-at="2020-02-11T17:47:47 IST">
          <reporter-output>
          </reporter-output>
        </test-method> <!-- verifyLoginAndRegisterLinkisDisplayed -->
        <test-method status="PASS" signature="verifyNavigationToRegisterPage()[pri:19, instance:com.agriville.qa.testcases.homePageAgrivilleTest@bbe345]" name="verifyNavigationToRegisterPage" duration-ms="11551" started-at="2020-02-11T17:47:47 IST" finished-at="2020-02-11T17:47:59 IST">
          <reporter-output>
          </reporter-output>
        </test-method> <!-- verifyNavigationToRegisterPage -->
        <test-method status="PASS" signature="verifyLoginForm()[pri:20, instance:com.agriville.qa.testcases.homePageAgrivilleTest@bbe345]" name="verifyLoginForm" duration-ms="12688" started-at="2020-02-11T17:47:59 IST" finished-at="2020-02-11T17:48:11 IST">
          <reporter-output>
          </reporter-output>
        </test-method> <!-- verifyLoginForm -->
        <test-method status="FAIL" signature="verifyNavigationToForgotYourPwdFrmDropDwn()[pri:21, instance:com.agriville.qa.testcases.homePageAgrivilleTest@bbe345]" name="verifyNavigationToForgotYourPwdFrmDropDwn" duration-ms="68330" started-at="2020-02-11T17:48:11 IST" finished-at="2020-02-11T17:49:20 IST">
          <exception class="org.openqa.selenium.NoSuchElementException">
            <message>
              <![CDATA[no such element: Unable to locate element: {"method":"xpath","selector":"//h1[@class='left']"}
  (Session info: chrome=80.0.3987.87)
For documentation on this error, please visit: https://www.seleniumhq.org/exceptions/no_such_element.html
Build info: version: '3.141.59', revision: 'e82be7d358', time: '2018-11-14T08:17:03'
System info: host: 'PUNE-JEEVANK-DT', ip: '192.168.25.166', os.name: 'Windows 8.1', os.arch: 'x86', os.version: '6.3', java.version: '1.8.0_211'
Driver info: org.openqa.selenium.chrome.ChromeDriver
Capabilities {acceptInsecureCerts: true, browserName: chrome, browserVersion: 80.0.3987.87, chrome: {chromedriverVersion: 79.0.3945.36 (3582db32b3389..., userDataDir: C:\Users\JEEVAN~1.KED\AppDa...}, goog:chromeOptions: {debuggerAddress: localhost:55969}, javascriptEnabled: true, networkConnectionEnabled: false, pageLoadStrategy: normal, platform: WINDOWS, platformName: WINDOWS, proxy: Proxy(), setWindowRect: true, strictFileInteractability: false, timeouts: {implicit: 0, pageLoad: 300000, script: 30000}, unhandledPromptBehavior: dismiss and notify}
Session ID: 0ba752a43ce7c28344756d5d92991b14
*** Element info: {Using=xpath, value=//h1[@class='left']}]]>
            </message>
            <full-stacktrace>
              <![CDATA[org.openqa.selenium.NoSuchElementException: no such element: Unable to locate element: {"method":"xpath","selector":"//h1[@class='left']"}
  (Session info: chrome=80.0.3987.87)
For documentation on this error, please visit: https://www.seleniumhq.org/exceptions/no_such_element.html
Build info: version: '3.141.59', revision: 'e82be7d358', time: '2018-11-14T08:17:03'
System info: host: 'PUNE-JEEVANK-DT', ip: '192.168.25.166', os.name: 'Windows 8.1', os.arch: 'x86', os.version: '6.3', java.version: '1.8.0_211'
Driver info: org.openqa.selenium.chrome.ChromeDriver
Capabilities {acceptInsecureCerts: true, browserName: chrome, browserVersion: 80.0.3987.87, chrome: {chromedriverVersion: 79.0.3945.36 (3582db32b3389..., userDataDir: C:\Users\JEEVAN~1.KED\AppDa...}, goog:chromeOptions: {debuggerAddress: localhost:55969}, javascriptEnabled: true, networkConnectionEnabled: false, pageLoadStrategy: normal, platform: WINDOWS, platformName: WINDOWS, proxy: Proxy(), setWindowRect: true, strictFileInteractability: false, timeouts: {implicit: 0, pageLoad: 300000, script: 30000}, unhandledPromptBehavior: dismiss and notify}
Session ID: 0ba752a43ce7c28344756d5d92991b14
*** Element info: {Using=xpath, value=//h1[@class='left']}
at sun.reflect.NativeConstructorAccessorImpl.newInstance0(Native Method)
at sun.reflect.NativeConstructorAccessorImpl.newInstance(NativeConstructorAccessorImpl.java:62)
at sun.reflect.DelegatingConstructorAccessorImpl.newInstance(DelegatingConstructorAccessorImpl.java:45)
at java.lang.reflect.Constructor.newInstance(Constructor.java:423)
at org.openqa.selenium.remote.http.W3CHttpResponseCodec.createException(W3CHttpResponseCodec.java:187)
at org.openqa.selenium.remote.http.W3CHttpResponseCodec.decode(W3CHttpResponseCodec.java:122)
at org.openqa.selenium.remote.http.W3CHttpResponseCodec.decode(W3CHttpResponseCodec.java:49)
at org.openqa.selenium.remote.HttpCommandExecutor.execute(HttpCommandExecutor.java:158)
at org.openqa.selenium.remote.service.DriverCommandExecutor.execute(DriverCommandExecutor.java:83)
at org.openqa.selenium.remote.RemoteWebDriver.execute(RemoteWebDriver.java:552)
at org.openqa.selenium.remote.RemoteWebDriver.findElement(RemoteWebDriver.java:323)
at org.openqa.selenium.remote.RemoteWebDriver.findElementByXPath(RemoteWebDriver.java:428)
at org.openqa.selenium.By$ByXPath.findElement(By.java:353)
at org.openqa.selenium.remote.RemoteWebDriver.findElement(RemoteWebDriver.java:315)
at org.openqa.selenium.support.pagefactory.DefaultElementLocator.findElement(DefaultElementLocator.java:69)
at org.openqa.selenium.support.pagefactory.internal.LocatingElementHandler.invoke(LocatingElementHandler.java:38)
at com.sun.proxy.$Proxy9.getText(Unknown Source)
at com.agriville.qa.pages.homePageAgriville.ForgotPwdH1(homePageAgriville.java:441)
at com.agriville.qa.testcases.homePageAgrivilleTest.verifyNavigationToForgotYourPwdFrmDropDwn(homePageAgrivilleTest.java:364)
at sun.reflect.NativeMethodAccessorImpl.invoke0(Native Method)
at sun.reflect.NativeMethodAccessorImpl.invoke(NativeMethodAccessorImpl.java:62)
at sun.reflect.DelegatingMethodAccessorImpl.invoke(DelegatingMethodAccessorImpl.java:43)
at java.lang.reflect.Method.invoke(Method.java:498)
at org.testng.internal.MethodInvocationHelper.invokeMethod(MethodInvocationHelper.java:133)
at org.testng.internal.TestInvoker.invokeMethod(TestInvoker.java:584)
at org.testng.internal.TestInvoker.invokeTestMethod(TestInvoker.java:172)
at org.testng.internal.MethodRunner.runInSequence(MethodRunner.java:46)
at org.testng.internal.TestInvoker$MethodInvocationAgent.invoke(TestInvoker.java:804)
at org.testng.internal.TestInvoker.invokeTestMethods(TestInvoker.java:145)
at org.testng.internal.TestMethodWorker.invokeTestMethods(TestMethodWorker.java:146)
at org.testng.internal.TestMethodWorker.run(TestMethodWorker.java:128)
at java.util.ArrayList.forEach(ArrayList.java:1257)
at org.testng.TestRunner.privateRun(TestRunner.java:770)
at org.testng.TestRunner.run(TestRunner.java:591)
at org.testng.SuiteRunner.runTest(SuiteRunner.java:402)
at org.testng.SuiteRunner.runSequentially(SuiteRunner.java:396)
at org.testng.SuiteRunner.privateRun(SuiteRunner.java:355)
at org.testng.SuiteRunner.run(SuiteRunner.java:304)
at org.testng.SuiteRunnerWorker.runSuite(SuiteRunnerWorker.java:53)
at org.testng.SuiteRunnerWorker.run(SuiteRunnerWorker.java:96)
at org.testng.TestNG.runSuitesSequentially(TestNG.java:1180)
at org.testng.TestNG.runSuitesLocally(TestNG.java:1102)
at org.testng.TestNG.runSuites(TestNG.java:1032)
at org.testng.TestNG.run(TestNG.java:1000)
at org.testng.remote.AbstractRemoteTestNG.run(AbstractRemoteTestNG.java:115)
at org.testng.remote.RemoteTestNG.initAndRun(RemoteTestNG.java:251)
at org.testng.remote.RemoteTestNG.main(RemoteTestNG.java:77)
]]>
            </full-stacktrace>
          </exception> <!-- org.openqa.selenium.NoSuchElementException -->
          <reporter-output>
          </reporter-output>
        </test-method> <!-- verifyNavigationToForgotYourPwdFrmDropDwn -->
        <test-method status="FAIL" signature="verifyNavigationToRegisterNowFrmDropDwn()[pri:22, instance:com.agriville.qa.testcases.homePageAgrivilleTest@bbe345]" name="verifyNavigationToRegisterNowFrmDropDwn" duration-ms="64137" started-at="2020-02-11T17:49:20 IST" finished-at="2020-02-11T17:50:24 IST">
          <exception class="org.openqa.selenium.ElementNotInteractableException">
            <message>
              <![CDATA[element not interactable
  (Session info: chrome=80.0.3987.87)
Build info: version: '3.141.59', revision: 'e82be7d358', time: '2018-11-14T08:17:03'
System info: host: 'PUNE-JEEVANK-DT', ip: '192.168.25.166', os.name: 'Windows 8.1', os.arch: 'x86', os.version: '6.3', java.version: '1.8.0_211'
Driver info: org.openqa.selenium.chrome.ChromeDriver
Capabilities {acceptInsecureCerts: true, browserName: chrome, browserVersion: 80.0.3987.87, chrome: {chromedriverVersion: 79.0.3945.36 (3582db32b3389..., userDataDir: C:\Users\JEEVAN~1.KED\AppDa...}, goog:chromeOptions: {debuggerAddress: localhost:55969}, javascriptEnabled: true, networkConnectionEnabled: false, pageLoadStrategy: normal, platform: WINDOWS, platformName: WINDOWS, proxy: Proxy(), setWindowRect: true, strictFileInteractability: false, timeouts: {implicit: 0, pageLoad: 300000, script: 30000}, unhandledPromptBehavior: dismiss and notify}
Session ID: 0ba752a43ce7c28344756d5d92991b14]]>
            </message>
            <full-stacktrace>
              <![CDATA[org.openqa.selenium.ElementNotInteractableException: element not interactable
  (Session info: chrome=80.0.3987.87)
Build info: version: '3.141.59', revision: 'e82be7d358', time: '2018-11-14T08:17:03'
System info: host: 'PUNE-JEEVANK-DT', ip: '192.168.25.166', os.name: 'Windows 8.1', os.arch: 'x86', os.version: '6.3', java.version: '1.8.0_211'
Driver info: org.openqa.selenium.chrome.ChromeDriver
Capabilities {acceptInsecureCerts: true, browserName: chrome, browserVersion: 80.0.3987.87, chrome: {chromedriverVersion: 79.0.3945.36 (3582db32b3389..., userDataDir: C:\Users\JEEVAN~1.KED\AppDa...}, goog:chromeOptions: {debuggerAddress: localhost:55969}, javascriptEnabled: true, networkConnectionEnabled: false, pageLoadStrategy: normal, platform: WINDOWS, platformName: WINDOWS, proxy: Proxy(), setWindowRect: true, strictFileInteractability: false, timeouts: {implicit: 0, pageLoad: 300000, script: 30000}, unhandledPromptBehavior: dismiss and notify}
Session ID: 0ba752a43ce7c28344756d5d92991b14
at sun.reflect.NativeConstructorAccessorImpl.newInstance0(Native Method)
at sun.reflect.NativeConstructorAccessorImpl.newInstance(NativeConstructorAccessorImpl.java:62)
at sun.reflect.DelegatingConstructorAccessorImpl.newInstance(DelegatingConstructorAccessorImpl.java:45)
at java.lang.reflect.Constructor.newInstance(Constructor.java:423)
at org.openqa.selenium.remote.http.W3CHttpResponseCodec.createException(W3CHttpResponseCodec.java:187)
at org.openqa.selenium.remote.http.W3CHttpResponseCodec.decode(W3CHttpResponseCodec.java:122)
at org.openqa.selenium.remote.http.W3CHttpResponseCodec.decode(W3CHttpResponseCodec.java:49)
at org.openqa.selenium.remote.HttpCommandExecutor.execute(HttpCommandExecutor.java:158)
at org.openqa.selenium.remote.service.DriverCommandExecutor.execute(DriverCommandExecutor.java:83)
at org.openqa.selenium.remote.RemoteWebDriver.execute(RemoteWebDriver.java:552)
at org.openqa.selenium.remote.RemoteWebElement.execute(RemoteWebElement.java:285)
at org.openqa.selenium.remote.RemoteWebElement.click(RemoteWebElement.java:84)
at sun.reflect.GeneratedMethodAccessor1.invoke(Unknown Source)
at sun.reflect.DelegatingMethodAccessorImpl.invoke(DelegatingMethodAccessorImpl.java:43)
at java.lang.reflect.Method.invoke(Method.java:498)
at org.openqa.selenium.support.pagefactory.internal.LocatingElementHandler.invoke(LocatingElementHandler.java:51)
at com.sun.proxy.$Proxy9.click(Unknown Source)
at com.agriville.qa.pages.homePageAgriville.clickOnRegisterNowLink(homePageAgriville.java:446)
at com.agriville.qa.testcases.homePageAgrivilleTest.verifyNavigationToRegisterNowFrmDropDwn(homePageAgrivilleTest.java:381)
at sun.reflect.NativeMethodAccessorImpl.invoke0(Native Method)
at sun.reflect.NativeMethodAccessorImpl.invoke(NativeMethodAccessorImpl.java:62)
at sun.reflect.DelegatingMethodAccessorImpl.invoke(DelegatingMethodAccessorImpl.java:43)
at java.lang.reflect.Method.invoke(Method.java:498)
at org.testng.internal.MethodInvocationHelper.invokeMethod(MethodInvocationHelper.java:133)
at org.testng.internal.TestInvoker.invokeMethod(TestInvoker.java:584)
at org.testng.internal.TestInvoker.invokeTestMethod(TestInvoker.java:172)
at org.testng.internal.MethodRunner.runInSequence(MethodRunner.java:46)
at org.testng.internal.TestInvoker$MethodInvocationAgent.invoke(TestInvoker.java:804)
at org.testng.internal.TestInvoker.invokeTestMethods(TestInvoker.java:145)
at org.testng.internal.TestMethodWorker.invokeTestMethods(TestMethodWorker.java:146)
at org.testng.internal.TestMethodWorker.run(TestMethodWorker.java:128)
at java.util.ArrayList.forEach(ArrayList.java:1257)
at org.testng.TestRunner.privateRun(TestRunner.java:770)
at org.testng.TestRunner.run(TestRunner.java:591)
at org.testng.SuiteRunner.runTest(SuiteRunner.java:402)
at org.testng.SuiteRunner.runSequentially(SuiteRunner.java:396)
at org.testng.SuiteRunner.privateRun(SuiteRunner.java:355)
at org.testng.SuiteRunner.run(SuiteRunner.java:304)
at org.testng.SuiteRunnerWorker.runSuite(SuiteRunnerWorker.java:53)
at org.testng.SuiteRunnerWorker.run(SuiteRunnerWorker.java:96)
at org.testng.TestNG.runSuitesSequentially(TestNG.java:1180)
at org.testng.TestNG.runSuitesLocally(TestNG.java:1102)
at org.testng.TestNG.runSuites(TestNG.java:1032)
at org.testng.TestNG.run(TestNG.java:1000)
at org.testng.remote.AbstractRemoteTestNG.run(AbstractRemoteTestNG.java:115)
at org.testng.remote.RemoteTestNG.initAndRun(RemoteTestNG.java:251)
at org.testng.remote.RemoteTestNG.main(RemoteTestNG.java:77)
]]>
            </full-stacktrace>
          </exception> <!-- org.openqa.selenium.ElementNotInteractableException -->
          <reporter-output>
          </reporter-output>
        </test-method> <!-- verifyNavigationToRegisterNowFrmDropDwn -->
        <test-method status="PASS" signature="verifySearchField()[pri:23, instance:com.agriville.qa.testcases.homePageAgrivilleTest@bbe345]" name="verifySearchField" duration-ms="5300" started-at="2020-02-11T17:50:24 IST" finished-at="2020-02-11T17:50:29 IST">
          <reporter-output>
          </reporter-output>
        </test-method> <!-- verifySearchField -->
        <test-method status="FAIL" signature="verifyDiscussionCategories()[pri:24, instance:com.agriville.qa.testcases.homePageAgrivilleTest@bbe345]" name="verifyDiscussionCategories" duration-ms="52393" started-at="2020-02-11T17:50:29 IST" finished-at="2020-02-11T17:51:21 IST">
          <exception class="java.lang.AssertionError">
            <message>
              <![CDATA[The following asserts failed:
Title do not Match for Practice did not expect to find [true] but found [false]]]>
            </message>
            <full-stacktrace>
              <![CDATA[java.lang.AssertionError: The following asserts failed:
Title do not Match for Practice did not expect to find [true] but found [false]
at org.testng.asserts.SoftAssert.assertAll(SoftAssert.java:47)
at org.testng.asserts.SoftAssert.assertAll(SoftAssert.java:31)
at com.agriville.qa.testcases.homePageAgrivilleTest.verifyDiscussionCategories(homePageAgrivilleTest.java:447)
at sun.reflect.NativeMethodAccessorImpl.invoke0(Native Method)
at sun.reflect.NativeMethodAccessorImpl.invoke(NativeMethodAccessorImpl.java:62)
at sun.reflect.DelegatingMethodAccessorImpl.invoke(DelegatingMethodAccessorImpl.java:43)
at java.lang.reflect.Method.invoke(Method.java:498)
at org.testng.internal.MethodInvocationHelper.invokeMethod(MethodInvocationHelper.java:133)
at org.testng.internal.TestInvoker.invokeMethod(TestInvoker.java:584)
at org.testng.internal.TestInvoker.invokeTestMethod(TestInvoker.java:172)
at org.testng.internal.MethodRunner.runInSequence(MethodRunner.java:46)
at org.testng.internal.TestInvoker$MethodInvocationAgent.invoke(TestInvoker.java:804)
at org.testng.internal.TestInvoker.invokeTestMethods(TestInvoker.java:145)
at org.testng.internal.TestMethodWorker.invokeTestMethods(TestMethodWorker.java:146)
at org.testng.internal.TestMethodWorker.run(TestMethodWorker.java:128)
at java.util.ArrayList.forEach(ArrayList.java:1257)
at org.testng.TestRunner.privateRun(TestRunner.java:770)
at org.testng.TestRunner.run(TestRunner.java:591)
at org.testng.SuiteRunner.runTest(SuiteRunner.java:402)
at org.testng.SuiteRunner.runSequentially(SuiteRunner.java:396)
at org.testng.SuiteRunner.privateRun(SuiteRunner.java:355)
at org.testng.SuiteRunner.run(SuiteRunner.java:304)
at org.testng.SuiteRunnerWorker.runSuite(SuiteRunnerWorker.java:53)
at org.testng.SuiteRunnerWorker.run(SuiteRunnerWorker.java:96)
at org.testng.TestNG.runSuitesSequentially(TestNG.java:1180)
at org.testng.TestNG.runSuitesLocally(TestNG.java:1102)
at org.testng.TestNG.runSuites(TestNG.java:1032)
at org.testng.TestNG.run(TestNG.java:1000)
at org.testng.remote.AbstractRemoteTestNG.run(AbstractRemoteTestNG.java:115)
at org.testng.remote.RemoteTestNG.initAndRun(RemoteTestNG.java:251)
at org.testng.remote.RemoteTestNG.main(RemoteTestNG.java:77)
]]>
            </full-stacktrace>
          </exception> <!-- java.lang.AssertionError -->
          <reporter-output>
          </reporter-output>
        </test-method> <!-- verifyDiscussionCategories -->
        <test-method status="PASS" signature="verifyMostRecentThreads()[pri:25, instance:com.agriville.qa.testcases.homePageAgrivilleTest@bbe345]" name="verifyMostRecentThreads" duration-ms="43877" started-at="2020-02-11T17:51:21 IST" finished-at="2020-02-11T17:52:05 IST">
          <reporter-output>
          </reporter-output>
        </test-method> <!-- verifyMostRecentThreads -->
        <test-method status="PASS" signature="verifyMostPopularThreads()[pri:26, instance:com.agriville.qa.testcases.homePageAgrivilleTest@bbe345]" name="verifyMostPopularThreads" duration-ms="4719" started-at="2020-02-11T17:52:05 IST" finished-at="2020-02-11T17:52:10 IST">
          <reporter-output>
          </reporter-output>
        </test-method> <!-- verifyMostPopularThreads -->
        <test-method status="PASS" signature="verifyBtmAgrivilleLogo()[pri:27, instance:com.agriville.qa.testcases.homePageAgrivilleTest@bbe345]" name="verifyBtmAgrivilleLogo" duration-ms="2717" started-at="2020-02-11T17:52:10 IST" finished-at="2020-02-11T17:52:13 IST">
          <reporter-output>
          </reporter-output>
        </test-method> <!-- verifyBtmAgrivilleLogo -->
        <test-method status="PASS" signature="verifyTermsOfUse()[pri:28, instance:com.agriville.qa.testcases.homePageAgrivilleTest@bbe345]" name="verifyTermsOfUse" duration-ms="7797" started-at="2020-02-11T17:52:13 IST" finished-at="2020-02-11T17:52:21 IST">
          <reporter-output>
          </reporter-output>
        </test-method> <!-- verifyTermsOfUse -->
        <test-method status="PASS" signature="verifyPrivacyPolicy()[pri:29, instance:com.agriville.qa.testcases.homePageAgrivilleTest@bbe345]" name="verifyPrivacyPolicy" duration-ms="5774" started-at="2020-02-11T17:52:21 IST" finished-at="2020-02-11T17:52:26 IST">
          <reporter-output>
          </reporter-output>
        </test-method> <!-- verifyPrivacyPolicy -->
        <test-method status="PASS" signature="verifyAboutUS()[pri:30, instance:com.agriville.qa.testcases.homePageAgrivilleTest@bbe345]" name="verifyAboutUS" duration-ms="4004" started-at="2020-02-11T17:52:26 IST" finished-at="2020-02-11T17:52:30 IST">
          <reporter-output>
          </reporter-output>
        </test-method> <!-- verifyAboutUS -->
        <test-method status="PASS" signature="verifyContactUS()[pri:30, instance:com.agriville.qa.testcases.homePageAgrivilleTest@bbe345]" name="verifyContactUS" duration-ms="15007" started-at="2020-02-11T17:52:30 IST" finished-at="2020-02-11T17:52:45 IST">
          <reporter-output>
          </reporter-output>
        </test-method> <!-- verifyContactUS -->
        <test-method status="FAIL" signature="verifyCopyRight()[pri:31, instance:com.agriville.qa.testcases.homePageAgrivilleTest@bbe345]" name="verifyCopyRight" duration-ms="87" started-at="2020-02-11T17:52:45 IST" finished-at="2020-02-11T17:52:45 IST">
          <exception class="java.lang.AssertionError">
            <message>
              <![CDATA[expected [© 2019 FARMS.COM - ALL RIGHTS RESERVED] but found [© 2020 FARMS.COM - ALL RIGHTS RESERVED]]]>
            </message>
            <full-stacktrace>
              <![CDATA[java.lang.AssertionError: expected [© 2019 FARMS.COM - ALL RIGHTS RESERVED] but found [© 2020 FARMS.COM - ALL RIGHTS RESERVED]
at org.testng.Assert.fail(Assert.java:97)
at org.testng.Assert.assertEqualsImpl(Assert.java:136)
at org.testng.Assert.assertEquals(Assert.java:118)
at org.testng.Assert.assertEquals(Assert.java:575)
at org.testng.Assert.assertEquals(Assert.java:585)
at com.agriville.qa.testcases.homePageAgrivilleTest.verifyCopyRight(homePageAgrivilleTest.java:626)
at sun.reflect.NativeMethodAccessorImpl.invoke0(Native Method)
at sun.reflect.NativeMethodAccessorImpl.invoke(NativeMethodAccessorImpl.java:62)
at sun.reflect.DelegatingMethodAccessorImpl.invoke(DelegatingMethodAccessorImpl.java:43)
at java.lang.reflect.Method.invoke(Method.java:498)
at org.testng.internal.MethodInvocationHelper.invokeMethod(MethodInvocationHelper.java:133)
at org.testng.internal.TestInvoker.invokeMethod(TestInvoker.java:584)
at org.testng.internal.TestInvoker.invokeTestMethod(TestInvoker.java:172)
at org.testng.internal.MethodRunner.runInSequence(MethodRunner.java:46)
at org.testng.internal.TestInvoker$MethodInvocationAgent.invoke(TestInvoker.java:804)
at org.testng.internal.TestInvoker.invokeTestMethods(TestInvoker.java:145)
at org.testng.internal.TestMethodWorker.invokeTestMethods(TestMethodWorker.java:146)
at org.testng.internal.TestMethodWorker.run(TestMethodWorker.java:128)
at java.util.ArrayList.forEach(ArrayList.java:1257)
at org.testng.TestRunner.privateRun(TestRunner.java:770)
at org.testng.TestRunner.run(TestRunner.java:591)
at org.testng.SuiteRunner.runTest(SuiteRunner.java:402)
at org.testng.SuiteRunner.runSequentially(SuiteRunner.java:396)
at org.testng.SuiteRunner.privateRun(SuiteRunner.java:355)
at org.testng.SuiteRunner.run(SuiteRunner.java:304)
at org.testng.SuiteRunnerWorker.runSuite(SuiteRunnerWorker.java:53)
at org.testng.SuiteRunnerWorker.run(SuiteRunnerWorker.java:96)
at org.testng.TestNG.runSuitesSequentially(TestNG.java:1180)
at org.testng.TestNG.runSuitesLocally(TestNG.java:1102)
at org.testng.TestNG.runSuites(TestNG.java:1032)
at org.testng.TestNG.run(TestNG.java:1000)
at org.testng.remote.AbstractRemoteTestNG.run(AbstractRemoteTestNG.java:115)
at org.testng.remote.RemoteTestNG.initAndRun(RemoteTestNG.java:251)
at org.testng.remote.RemoteTestNG.main(RemoteTestNG.java:77)
]]>
            </full-stacktrace>
          </exception> <!-- java.lang.AssertionError -->
          <reporter-output>
          </reporter-output>
        </test-method> <!-- verifyCopyRight -->
        <test-method status="PASS" signature="verifyChatPostGuideLines()[pri:32, instance:com.agriville.qa.testcases.homePageAgrivilleTest@bbe345]" name="verifyChatPostGuideLines" duration-ms="6933" started-at="2020-02-11T17:52:45 IST" finished-at="2020-02-11T17:52:52 IST">
          <reporter-output>
          </reporter-output>
        </test-method> <!-- verifyChatPostGuideLines -->
        <test-method status="PASS" signature="verifySwitchDropDown()[pri:33, instance:com.agriville.qa.testcases.homePageAgrivilleTest@bbe345]" name="verifySwitchDropDown" duration-ms="10064" started-at="2020-02-11T17:52:52 IST" finished-at="2020-02-11T17:53:02 IST">
          <reporter-output>
          </reporter-output>
        </test-method> <!-- verifySwitchDropDown -->
        <test-method status="PASS" signature="verifyNavigateToMobileSite()[pri:34, instance:com.agriville.qa.testcases.homePageAgrivilleTest@bbe345]" name="verifyNavigateToMobileSite" duration-ms="10441" started-at="2020-02-11T17:53:02 IST" finished-at="2020-02-11T17:53:13 IST">
          <reporter-output>
          </reporter-output>
        </test-method> <!-- verifyNavigateToMobileSite -->
        <test-method status="PASS" signature="TearDown()[pri:0, instance:com.agriville.qa.testcases.homePageAgrivilleTest@bbe345]" name="TearDown" is-config="true" duration-ms="1407" started-at="2020-02-11T17:53:13 IST" finished-at="2020-02-11T17:53:14 IST">
          <reporter-output>
          </reporter-output>
        </test-method> <!-- TearDown -->
      </class> <!-- com.agriville.qa.testcases.homePageAgrivilleTest -->
    </test> <!-- Default test -->
  </suite> <!-- Default suite -->
</testng-results>
