<?xml version="1.0" encoding="UTF-8"?>
<!-- Generated by org.testng.reporters.JUnitReportReporter -->
<testsuite skipped="0" hostname="PUNE-JEEVANK-DT" name="com.agriville.qa.testcases.topicDetailsTest" tests="34" failures="2" timestamp="2019-09-30T17:51:37 IST" time="1212.845" errors="1">
  <testcase name="verifyTitleOfThreadFromSearchResultpage" time="18.639" classname="com.agriville.qa.testcases.topicDetailsTest"/>
  <testcase name="verifyUNWithAndWithoutLogin" time="28.629" classname="com.agriville.qa.testcases.topicDetailsTest"/>
  <testcase name="verifyLastPostByWithAndWithoutLogin" time="34.785" classname="com.agriville.qa.testcases.topicDetailsTest"/>
  <testcase name="verifyViewFromSearchResultPage" time="15.352" classname="com.agriville.qa.testcases.topicDetailsTest"/>
  <testcase name="verifyPostMessageDiscCategories_InactiveAcc" time="47.455" classname="com.agriville.qa.testcases.topicDetailsTest"/>
  <testcase name="verifyPostMessageSearchResult_InactiveAcc" time="26.520" classname="com.agriville.qa.testcases.topicDetailsTest"/>
  <testcase name="verifyPostMessageView_InactiveAcc" time="28.850" classname="com.agriville.qa.testcases.topicDetailsTest"/>
  <testcase name="verifyPostMessageDiscCategories_ActiveAcc" time="38.643" classname="com.agriville.qa.testcases.topicDetailsTest"/>
  <testcase name="verifyPostMessageSearchResult_ActiveAcc" time="40.779" classname="com.agriville.qa.testcases.topicDetailsTest"/>
  <testcase name="verifyPostMessageView_ActiveAcc" time="34.353" classname="com.agriville.qa.testcases.topicDetailsTest"/>
  <testcase name="verifyReplyDiscCategories_InactiveAcc" time="43.161" classname="com.agriville.qa.testcases.topicDetailsTest"/>
  <testcase name="verifyReplySearchResult_InactiveAcc" time="34.387" classname="com.agriville.qa.testcases.topicDetailsTest"/>
  <testcase name="verifyReplyView_InactiveAcc" time="33.764" classname="com.agriville.qa.testcases.topicDetailsTest"/>
  <testcase name="verifyReplyDiscCategories_ActiveAcc" time="44.560" classname="com.agriville.qa.testcases.topicDetailsTest"/>
  <testcase name="verifyReplySearchResult_ActiveAcc" time="33.863" classname="com.agriville.qa.testcases.topicDetailsTest"/>
  <testcase name="verifyReplyView_ActiveAcc" time="40.710" classname="com.agriville.qa.testcases.topicDetailsTest"/>
  <testcase name="verifyThreadDetailsDropdown_Search" time="96.114" classname="com.agriville.qa.testcases.topicDetailsTest">
    <failure type="java.lang.AssertionError" message="The following asserts failed:
	Title do not Match for Practice did not expect to find [true] but found [false]">
      <![CDATA[java.lang.AssertionError: The following asserts failed:
Title do not Match for Practice did not expect to find [true] but found [false]
at org.testng.asserts.SoftAssert.assertAll(SoftAssert.java:47)
at org.testng.asserts.SoftAssert.assertAll(SoftAssert.java:31)
at com.agriville.qa.testcases.topicDetailsTest.verifyThreadDetailsDropdown_Search(topicDetailsTest.java:822)
at sun.reflect.NativeMethodAccessorImpl.invoke0(Native Method)
at sun.reflect.NativeMethodAccessorImpl.invoke(NativeMethodAccessorImpl.java:62)
at sun.reflect.DelegatingMethodAccessorImpl.invoke(DelegatingMethodAccessorImpl.java:43)
at java.lang.reflect.Method.invoke(Method.java:498)
at org.testng.internal.MethodInvocationHelper.invokeMethod(MethodInvocationHelper.java:133)
at org.testng.internal.TestInvoker.invokeMethod(TestInvoker.java:584)
at org.testng.internal.TestInvoker.invokeTestMethod(TestInvoker.java:172)
at org.testng.internal.MethodRunner.runInSequence(MethodRunner.java:46)
at org.testng.internal.TestInvoker$MethodInvocationAgent.invoke(TestInvoker.java:804)
at org.testng.internal.TestInvoker.invokeTestMethods(TestInvoker.java:145)
at org.testng.internal.TestMethodWorker.invokeTestMethods(TestMethodWorker.java:146)
at org.testng.internal.TestMethodWorker.run(TestMethodWorker.java:128)
at java.util.ArrayList.forEach(ArrayList.java:1257)
at org.testng.TestRunner.privateRun(TestRunner.java:770)
at org.testng.TestRunner.run(TestRunner.java:591)
at org.testng.SuiteRunner.runTest(SuiteRunner.java:402)
at org.testng.SuiteRunner.runSequentially(SuiteRunner.java:396)
at org.testng.SuiteRunner.privateRun(SuiteRunner.java:355)
at org.testng.SuiteRunner.run(SuiteRunner.java:304)
at org.testng.SuiteRunnerWorker.runSuite(SuiteRunnerWorker.java:53)
at org.testng.SuiteRunnerWorker.run(SuiteRunnerWorker.java:96)
at org.testng.TestNG.runSuitesSequentially(TestNG.java:1180)
at org.testng.TestNG.runSuitesLocally(TestNG.java:1102)
at org.testng.TestNG.runSuites(TestNG.java:1032)
at org.testng.TestNG.run(TestNG.java:1000)
at org.testng.remote.AbstractRemoteTestNG.run(AbstractRemoteTestNG.java:115)
at org.testng.remote.RemoteTestNG.initAndRun(RemoteTestNG.java:251)
at org.testng.remote.RemoteTestNG.main(RemoteTestNG.java:77)
]]>
    </failure>
  </testcase> <!-- verifyThreadDetailsDropdown_Search -->
  <testcase name="verifyThreadDetailsDropdown_DiscCategories" time="30.442" classname="com.agriville.qa.testcases.topicDetailsTest">
    <error type="org.openqa.selenium.TimeoutException" message="Expected condition failed: waiting for element to be clickable: [[ChromeDriver: chrome on XP (be63f0fb86a084d3eaced63e2fa0e686)] -&gt; xpath: //a[contains(text(),&#039;Beef Production&#039;)]] (tried for 30 second(s) with 500 milliseconds interval)
Build info: version: &#039;3.141.59&#039;, revision: &#039;e82be7d358&#039;, time: &#039;2018-11-14T08:17:03&#039;
System info: host: &#039;PUNE-JEEVANK-DT&#039;, ip: &#039;192.168.25.166&#039;, os.name: &#039;Windows 8.1&#039;, os.arch: &#039;x86&#039;, os.version: &#039;6.3&#039;, java.version: &#039;1.8.0_211&#039;
Driver info: org.openqa.selenium.chrome.ChromeDriver
Capabilities {acceptInsecureCerts: false, browserName: chrome, browserVersion: 77.0.3865.90, chrome: {chromedriverVersion: 76.0.3809.68 (420c9498db8ce..., userDataDir: C:\Users\JEEVAN~1.KED\AppDa...}, goog:chromeOptions: {debuggerAddress: localhost:49625}, javascriptEnabled: true, networkConnectionEnabled: false, pageLoadStrategy: normal, platform: XP, platformName: XP, proxy: Proxy(), setWindowRect: true, strictFileInteractability: false, timeouts: {implicit: 0, pageLoad: 300000, script: 30000}, unhandledPromptBehavior: dismiss and notify}
Session ID: be63f0fb86a084d3eaced63e2fa0e686">
      <![CDATA[org.openqa.selenium.TimeoutException: Expected condition failed: waiting for element to be clickable: [[ChromeDriver: chrome on XP (be63f0fb86a084d3eaced63e2fa0e686)] -> xpath: //a[contains(text(),'Beef Production')]] (tried for 30 second(s) with 500 milliseconds interval)
Build info: version: '3.141.59', revision: 'e82be7d358', time: '2018-11-14T08:17:03'
System info: host: 'PUNE-JEEVANK-DT', ip: '192.168.25.166', os.name: 'Windows 8.1', os.arch: 'x86', os.version: '6.3', java.version: '1.8.0_211'
Driver info: org.openqa.selenium.chrome.ChromeDriver
Capabilities {acceptInsecureCerts: false, browserName: chrome, browserVersion: 77.0.3865.90, chrome: {chromedriverVersion: 76.0.3809.68 (420c9498db8ce..., userDataDir: C:\Users\JEEVAN~1.KED\AppDa...}, goog:chromeOptions: {debuggerAddress: localhost:49625}, javascriptEnabled: true, networkConnectionEnabled: false, pageLoadStrategy: normal, platform: XP, platformName: XP, proxy: Proxy(), setWindowRect: true, strictFileInteractability: false, timeouts: {implicit: 0, pageLoad: 300000, script: 30000}, unhandledPromptBehavior: dismiss and notify}
Session ID: be63f0fb86a084d3eaced63e2fa0e686
at org.openqa.selenium.support.ui.WebDriverWait.timeoutException(WebDriverWait.java:95)
at org.openqa.selenium.support.ui.FluentWait.until(FluentWait.java:272)
at com.agriville.qa.util.testUtil.ElementIsClickable(testUtil.java:141)
at com.agriville.qa.pages.searchTopic.clickBeefProd(searchTopic.java:222)
at com.agriville.qa.testcases.topicDetailsTest.verifyThreadDetailsDropdown_DiscCategories(topicDetailsTest.java:835)
at sun.reflect.NativeMethodAccessorImpl.invoke0(Native Method)
at sun.reflect.NativeMethodAccessorImpl.invoke(NativeMethodAccessorImpl.java:62)
at sun.reflect.DelegatingMethodAccessorImpl.invoke(DelegatingMethodAccessorImpl.java:43)
at java.lang.reflect.Method.invoke(Method.java:498)
at org.testng.internal.MethodInvocationHelper.invokeMethod(MethodInvocationHelper.java:133)
at org.testng.internal.TestInvoker.invokeMethod(TestInvoker.java:584)
at org.testng.internal.TestInvoker.invokeTestMethod(TestInvoker.java:172)
at org.testng.internal.MethodRunner.runInSequence(MethodRunner.java:46)
at org.testng.internal.TestInvoker$MethodInvocationAgent.invoke(TestInvoker.java:804)
at org.testng.internal.TestInvoker.invokeTestMethods(TestInvoker.java:145)
at org.testng.internal.TestMethodWorker.invokeTestMethods(TestMethodWorker.java:146)
at org.testng.internal.TestMethodWorker.run(TestMethodWorker.java:128)
at java.util.ArrayList.forEach(ArrayList.java:1257)
at org.testng.TestRunner.privateRun(TestRunner.java:770)
at org.testng.TestRunner.run(TestRunner.java:591)
at org.testng.SuiteRunner.runTest(SuiteRunner.java:402)
at org.testng.SuiteRunner.runSequentially(SuiteRunner.java:396)
at org.testng.SuiteRunner.privateRun(SuiteRunner.java:355)
at org.testng.SuiteRunner.run(SuiteRunner.java:304)
at org.testng.SuiteRunnerWorker.runSuite(SuiteRunnerWorker.java:53)
at org.testng.SuiteRunnerWorker.run(SuiteRunnerWorker.java:96)
at org.testng.TestNG.runSuitesSequentially(TestNG.java:1180)
at org.testng.TestNG.runSuitesLocally(TestNG.java:1102)
at org.testng.TestNG.runSuites(TestNG.java:1032)
at org.testng.TestNG.run(TestNG.java:1000)
at org.testng.remote.AbstractRemoteTestNG.run(AbstractRemoteTestNG.java:115)
at org.testng.remote.RemoteTestNG.initAndRun(RemoteTestNG.java:251)
at org.testng.remote.RemoteTestNG.main(RemoteTestNG.java:77)
]]>
    </error>
  </testcase> <!-- verifyThreadDetailsDropdown_DiscCategories -->
  <testcase name="verifyThreadDetailsDropdown_View" time="87.621" classname="com.agriville.qa.testcases.topicDetailsTest">
    <failure type="java.lang.AssertionError" message="The following asserts failed:
	Title do not Match for Practice did not expect to find [true] but found [false]">
      <![CDATA[java.lang.AssertionError: The following asserts failed:
Title do not Match for Practice did not expect to find [true] but found [false]
at org.testng.asserts.SoftAssert.assertAll(SoftAssert.java:47)
at org.testng.asserts.SoftAssert.assertAll(SoftAssert.java:31)
at com.agriville.qa.testcases.topicDetailsTest.verifyThreadDetailsDropdown_View(topicDetailsTest.java:900)
at sun.reflect.NativeMethodAccessorImpl.invoke0(Native Method)
at sun.reflect.NativeMethodAccessorImpl.invoke(NativeMethodAccessorImpl.java:62)
at sun.reflect.DelegatingMethodAccessorImpl.invoke(DelegatingMethodAccessorImpl.java:43)
at java.lang.reflect.Method.invoke(Method.java:498)
at org.testng.internal.MethodInvocationHelper.invokeMethod(MethodInvocationHelper.java:133)
at org.testng.internal.TestInvoker.invokeMethod(TestInvoker.java:584)
at org.testng.internal.TestInvoker.invokeTestMethod(TestInvoker.java:172)
at org.testng.internal.MethodRunner.runInSequence(MethodRunner.java:46)
at org.testng.internal.TestInvoker$MethodInvocationAgent.invoke(TestInvoker.java:804)
at org.testng.internal.TestInvoker.invokeTestMethods(TestInvoker.java:145)
at org.testng.internal.TestMethodWorker.invokeTestMethods(TestMethodWorker.java:146)
at org.testng.internal.TestMethodWorker.run(TestMethodWorker.java:128)
at java.util.ArrayList.forEach(ArrayList.java:1257)
at org.testng.TestRunner.privateRun(TestRunner.java:770)
at org.testng.TestRunner.run(TestRunner.java:591)
at org.testng.SuiteRunner.runTest(SuiteRunner.java:402)
at org.testng.SuiteRunner.runSequentially(SuiteRunner.java:396)
at org.testng.SuiteRunner.privateRun(SuiteRunner.java:355)
at org.testng.SuiteRunner.run(SuiteRunner.java:304)
at org.testng.SuiteRunnerWorker.runSuite(SuiteRunnerWorker.java:53)
at org.testng.SuiteRunnerWorker.run(SuiteRunnerWorker.java:96)
at org.testng.TestNG.runSuitesSequentially(TestNG.java:1180)
at org.testng.TestNG.runSuitesLocally(TestNG.java:1102)
at org.testng.TestNG.runSuites(TestNG.java:1032)
at org.testng.TestNG.run(TestNG.java:1000)
at org.testng.remote.AbstractRemoteTestNG.run(AbstractRemoteTestNG.java:115)
at org.testng.remote.RemoteTestNG.initAndRun(RemoteTestNG.java:251)
at org.testng.remote.RemoteTestNG.main(RemoteTestNG.java:77)
]]>
    </failure>
  </testcase> <!-- verifyThreadDetailsDropdown_View -->
  <testcase name="verifyUNThreadDetails_SearchResult" time="38.471" classname="com.agriville.qa.testcases.topicDetailsTest"/>
  <testcase name="verifyUNThreadDetails_DisCategories" time="38.229" classname="com.agriville.qa.testcases.topicDetailsTest"/>
  <testcase name="verifyUNThreadDetails_View" time="47.590" classname="com.agriville.qa.testcases.topicDetailsTest"/>
  <testcase name="verifyPreviousAndNextTopic_DisCategories" time="9.617" classname="com.agriville.qa.testcases.topicDetailsTest"/>
  <testcase name="verifyPreviousAndNextTopic_SearchResult" time="22.146" classname="com.agriville.qa.testcases.topicDetailsTest"/>
  <testcase name="verifyPreviousAndNextTopic_View" time="14.902" classname="com.agriville.qa.testcases.topicDetailsTest"/>
  <testcase name="verifyReturnToTopicList_DisCategories" time="10.792" classname="com.agriville.qa.testcases.topicDetailsTest"/>
  <testcase name="verifyReturnToTopicList_SearchResult" time="9.705" classname="com.agriville.qa.testcases.topicDetailsTest"/>
  <testcase name="verifyReturnToTopicList_View" time="8.797" classname="com.agriville.qa.testcases.topicDetailsTest"/>
  <testcase name="verifyReplyToThisThreadDiscCategories_InactiveAcc" time="43.023" classname="com.agriville.qa.testcases.topicDetailsTest"/>
  <testcase name="verifyReplyToThisThreadSearchResult_InactiveAcc" time="39.038" classname="com.agriville.qa.testcases.topicDetailsTest"/>
  <testcase name="verifyReplyToThisThreadView_InactiveAcc" time="39.918" classname="com.agriville.qa.testcases.topicDetailsTest"/>
  <testcase name="verifyReplyToThisThreadDiscCategories_ActiveAcc" time="48.628" classname="com.agriville.qa.testcases.topicDetailsTest"/>
  <testcase name="verifyReplyToThisThreadSearchResult_ActiveAcc" time="41.986" classname="com.agriville.qa.testcases.topicDetailsTest"/>
  <testcase name="verifyReplyToThisThreadView_ActiveAcc" time="41.376" classname="com.agriville.qa.testcases.topicDetailsTest"/>
</testsuite> <!-- com.agriville.qa.testcases.topicDetailsTest -->
