<?xml version="1.0" encoding="UTF-8"?>
<!-- Generated by org.testng.reporters.JUnitXMLReporter -->
<testsuite hostname="PUNE-JEEVANK-DT" ignored="0" name="Agriville Test Cases" tests="35" failures="0" timestamp="13 Aug 2019 12:23:20 GMT" time="2.561" errors="0">
  <testcase name="@BeforeClass SetUp" time="2.459" classname="com.agriville.qa.testcases.homePageAgrivilleTest">
    <failure type="org.openqa.selenium.SessionNotCreatedException" message="session not created: This version of ChromeDriver only supports Chrome version 74
  (Driver info: chromedriver=74.0.3729.6 (255758eccf3d244491b8a1317aa76e1ce10d57e9-refs/branch-heads/3729@{#29}),platform=Windows NT 6.3.9600 x86) (WARNING: The server did not provide any stacktrace information)
Command duration or timeout: 1.65 seconds
Build info: version: &amp;apos;3.141.59&amp;apos;, revision: &amp;apos;e82be7d358&amp;apos;, time: &amp;apos;2018-11-14T08:17:03&amp;apos;
System info: host: &amp;apos;PUNE-JEEVANK-DT&amp;apos;, ip: &amp;apos;192.168.25.166&amp;apos;, os.name: &amp;apos;Windows 8.1&amp;apos;, os.arch: &amp;apos;x86&amp;apos;, os.version: &amp;apos;6.3&amp;apos;, java.version: &amp;apos;1.8.0_211&amp;apos;
Driver info: driver.version: ChromeDriver">
      <![CDATA[org.openqa.selenium.SessionNotCreatedException: session not created: This version of ChromeDriver only supports Chrome version 74
  (Driver info: chromedriver=74.0.3729.6 (255758eccf3d244491b8a1317aa76e1ce10d57e9-refs/branch-heads/3729@{#29}),platform=Windows NT 6.3.9600 x86) (WARNING: The server did not provide any stacktrace information)
Command duration or timeout: 1.65 seconds
Build info: version: '3.141.59', revision: 'e82be7d358', time: '2018-11-14T08:17:03'
System info: host: 'PUNE-JEEVANK-DT', ip: '192.168.25.166', os.name: 'Windows 8.1', os.arch: 'x86', os.version: '6.3', java.version: '1.8.0_211'
Driver info: driver.version: ChromeDriver
at org.openqa.selenium.remote.ErrorHandler.createThrowable(ErrorHandler.java:214)
at org.openqa.selenium.remote.ErrorHandler.throwIfResponseFailed(ErrorHandler.java:166)
at org.openqa.selenium.remote.JsonWireProtocolResponse.lambda$errorHandler$0(JsonWireProtocolResponse.java:54)
at org.openqa.selenium.remote.HandshakeResponse.lambda$getResponseFunction$0(HandshakeResponse.java:30)
at org.openqa.selenium.remote.ProtocolHandshake.lambda$createSession$0(ProtocolHandshake.java:126)
at java.util.stream.ReferencePipeline$3$1.accept(Unknown Source)
at java.util.Spliterators$ArraySpliterator.tryAdvance(Unknown Source)
at java.util.stream.ReferencePipeline.forEachWithCancel(Unknown Source)
at java.util.stream.AbstractPipeline.copyIntoWithCancel(Unknown Source)
at java.util.stream.AbstractPipeline.copyInto(Unknown Source)
at java.util.stream.AbstractPipeline.wrapAndCopyInto(Unknown Source)
at java.util.stream.FindOps$FindOp.evaluateSequential(Unknown Source)
at java.util.stream.AbstractPipeline.evaluate(Unknown Source)
at java.util.stream.ReferencePipeline.findFirst(Unknown Source)
at org.openqa.selenium.remote.ProtocolHandshake.createSession(ProtocolHandshake.java:128)
at org.openqa.selenium.remote.ProtocolHandshake.createSession(ProtocolHandshake.java:74)
at org.openqa.selenium.remote.HttpCommandExecutor.execute(HttpCommandExecutor.java:136)
at org.openqa.selenium.remote.service.DriverCommandExecutor.execute(DriverCommandExecutor.java:83)
at org.openqa.selenium.remote.RemoteWebDriver.execute(RemoteWebDriver.java:552)
at org.openqa.selenium.remote.RemoteWebDriver.startSession(RemoteWebDriver.java:213)
at org.openqa.selenium.remote.RemoteWebDriver.<init>(RemoteWebDriver.java:131)
at org.openqa.selenium.chrome.ChromeDriver.<init>(ChromeDriver.java:181)
at org.openqa.selenium.chrome.ChromeDriver.<init>(ChromeDriver.java:168)
at org.openqa.selenium.chrome.ChromeDriver.<init>(ChromeDriver.java:123)
at com.agriville.qa.base.TestBase.intialization(TestBase.java:45)
at com.agriville.qa.testcases.homePageAgrivilleTest.SetUp(homePageAgrivilleTest.java:30)
... Removed 30 stack frames]]>
    </failure>
  </testcase> <!-- @BeforeClass SetUp -->
  <testcase name="@AfterClass TearDown" time="0.0" classname="com.agriville.qa.testcases.homePageAgrivilleTest">
    <skipped/>
  </testcase> <!-- @AfterClass TearDown -->
  <testcase name="agrivilleLogoisDisplayed" time="0.0" classname="com.agriville.qa.testcases.homePageAgrivilleTest">
    <skipped/>
  </testcase> <!-- agrivilleLogoisDisplayed -->
  <testcase name="verifyNavigationToFarmsDotCom" time="0.0" classname="com.agriville.qa.testcases.homePageAgrivilleTest">
    <skipped/>
  </testcase> <!-- verifyNavigationToFarmsDotCom -->
  <testcase name="verifyNavigationToHomePageForums" time="0.0" classname="com.agriville.qa.testcases.homePageAgrivilleTest">
    <skipped/>
  </testcase> <!-- verifyNavigationToHomePageForums -->
  <testcase name="verifyNavigationToNews" time="0.0" classname="com.agriville.qa.testcases.homePageAgrivilleTest">
    <skipped/>
  </testcase> <!-- verifyNavigationToNews -->
  <testcase name="verifyNavigationToAgMarkets" time="0.0" classname="com.agriville.qa.testcases.homePageAgrivilleTest">
    <skipped/>
  </testcase> <!-- verifyNavigationToAgMarkets -->
  <testcase name="verifyNavigationToClassifieds" time="0.0" classname="com.agriville.qa.testcases.homePageAgrivilleTest">
    <skipped/>
  </testcase> <!-- verifyNavigationToClassifieds -->
  <testcase name="verifyNavigationToNewsFromDropDown" time="0.0" classname="com.agriville.qa.testcases.homePageAgrivilleTest">
    <skipped/>
  </testcase> <!-- verifyNavigationToNewsFromDropDown -->
  <testcase name="verifyNavigationToMarketsFromDropDown" time="0.0" classname="com.agriville.qa.testcases.homePageAgrivilleTest">
    <skipped/>
  </testcase> <!-- verifyNavigationToMarketsFromDropDown -->
  <testcase name="verifyNavigationToClassifiedsFromDropDown" time="0.0" classname="com.agriville.qa.testcases.homePageAgrivilleTest">
    <skipped/>
  </testcase> <!-- verifyNavigationToClassifiedsFromDropDown -->
  <testcase name="verifyNavigationToUFEFromDropDown" time="0.0" classname="com.agriville.qa.testcases.homePageAgrivilleTest">
    <skipped/>
  </testcase> <!-- verifyNavigationToUFEFromDropDown -->
  <testcase name="verifyNavigationToAgSearchFromDropDown" time="0.0" classname="com.agriville.qa.testcases.homePageAgrivilleTest">
    <skipped/>
  </testcase> <!-- verifyNavigationToAgSearchFromDropDown -->
  <testcase name="verifyNavigationToRiskMgmtFromDropDown" time="0.0" classname="com.agriville.qa.testcases.homePageAgrivilleTest">
    <skipped/>
  </testcase> <!-- verifyNavigationToRiskMgmtFromDropDown -->
  <testcase name="verifyNavigationToAgrivilleCommunityFromDropDown" time="0.0" classname="com.agriville.qa.testcases.homePageAgrivilleTest">
    <skipped/>
  </testcase> <!-- verifyNavigationToAgrivilleCommunityFromDropDown -->
  <testcase name="verifyNavigationToRealEstateFromDropDown" time="0.0" classname="com.agriville.qa.testcases.homePageAgrivilleTest">
    <skipped/>
  </testcase> <!-- verifyNavigationToRealEstateFromDropDown -->
  <testcase name="verifyNavigationToPigChampFromDropDown" time="0.0" classname="com.agriville.qa.testcases.homePageAgrivilleTest">
    <skipped/>
  </testcase> <!-- verifyNavigationToPigChampFromDropDown -->
  <testcase name="verifyNavigationToAgCareersFromDropDown" time="0.0" classname="com.agriville.qa.testcases.homePageAgrivilleTest">
    <skipped/>
  </testcase> <!-- verifyNavigationToAgCareersFromDropDown -->
  <testcase name="verifyNavigationToFarmsAppsFromDropDown" time="0.0" classname="com.agriville.qa.testcases.homePageAgrivilleTest">
    <skipped/>
  </testcase> <!-- verifyNavigationToFarmsAppsFromDropDown -->
  <testcase name="verifyLoginAndRegisterLinkisDisplayed" time="0.0" classname="com.agriville.qa.testcases.homePageAgrivilleTest">
    <skipped/>
  </testcase> <!-- verifyLoginAndRegisterLinkisDisplayed -->
  <testcase name="verifyNavigationToRegisterPage" time="0.0" classname="com.agriville.qa.testcases.homePageAgrivilleTest">
    <skipped/>
  </testcase> <!-- verifyNavigationToRegisterPage -->
  <testcase name="verifyLoginForm" time="0.0" classname="com.agriville.qa.testcases.homePageAgrivilleTest">
    <skipped/>
  </testcase> <!-- verifyLoginForm -->
  <testcase name="verifyNavigationToForgotYourPwdFrmDropDwn" time="0.0" classname="com.agriville.qa.testcases.homePageAgrivilleTest">
    <skipped/>
  </testcase> <!-- verifyNavigationToForgotYourPwdFrmDropDwn -->
  <testcase name="verifyNavigationToRegisterNowFrmDropDwn" time="0.0" classname="com.agriville.qa.testcases.homePageAgrivilleTest">
    <skipped/>
  </testcase> <!-- verifyNavigationToRegisterNowFrmDropDwn -->
  <testcase name="verifySearchField" time="0.0" classname="com.agriville.qa.testcases.homePageAgrivilleTest">
    <skipped/>
  </testcase> <!-- verifySearchField -->
  <testcase name="verifyDiscussionCategories" time="0.0" classname="com.agriville.qa.testcases.homePageAgrivilleTest">
    <skipped/>
  </testcase> <!-- verifyDiscussionCategories -->
  <testcase name="verifyMostRecentThreads" time="0.0" classname="com.agriville.qa.testcases.homePageAgrivilleTest">
    <skipped/>
  </testcase> <!-- verifyMostRecentThreads -->
  <testcase name="verifyMostPopularThreads" time="0.0" classname="com.agriville.qa.testcases.homePageAgrivilleTest">
    <skipped/>
  </testcase> <!-- verifyMostPopularThreads -->
  <testcase name="verifyBtmAgrivilleLogo" time="0.0" classname="com.agriville.qa.testcases.homePageAgrivilleTest">
    <skipped/>
  </testcase> <!-- verifyBtmAgrivilleLogo -->
  <testcase name="verifyTermsOfUse" time="0.0" classname="com.agriville.qa.testcases.homePageAgrivilleTest">
    <skipped/>
  </testcase> <!-- verifyTermsOfUse -->
  <testcase name="verifyPrivacyPolicy" time="0.0" classname="com.agriville.qa.testcases.homePageAgrivilleTest">
    <skipped/>
  </testcase> <!-- verifyPrivacyPolicy -->
  <testcase name="verifyAboutUS" time="0.0" classname="com.agriville.qa.testcases.homePageAgrivilleTest">
    <skipped/>
  </testcase> <!-- verifyAboutUS -->
  <testcase name="verifyContactUS" time="0.0" classname="com.agriville.qa.testcases.homePageAgrivilleTest">
    <skipped/>
  </testcase> <!-- verifyContactUS -->
  <testcase name="verifyCopyRight" time="0.0" classname="com.agriville.qa.testcases.homePageAgrivilleTest">
    <skipped/>
  </testcase> <!-- verifyCopyRight -->
  <testcase name="verifyChatPostGuideLines" time="0.0" classname="com.agriville.qa.testcases.homePageAgrivilleTest">
    <skipped/>
  </testcase> <!-- verifyChatPostGuideLines -->
  <testcase name="verifySwitchDropDown" time="0.0" classname="com.agriville.qa.testcases.homePageAgrivilleTest">
    <skipped/>
  </testcase> <!-- verifySwitchDropDown -->
  <testcase name="verifyNavigateToMobileSite" time="0.0" classname="com.agriville.qa.testcases.homePageAgrivilleTest">
    <skipped/>
  </testcase> <!-- verifyNavigateToMobileSite -->
</testsuite> <!-- Agriville Test Cases -->
